<?xml version="1.0" encoding="UTF-8"?><testsuite name="nosetests" tests="14" errors="0" failures="0" skip="0"><testcase classname="test_calculatorApp.TestCalculate" name="test_add_valid" time="0.000"><system-out><![CDATA[Setup .. 
tearDown .. 
]]></system-out></testcase><testcase classname="test_calculatorApp.TestCalculate" name="test_calculate_choice_invalid" time="0.000"><system-out><![CDATA[Setup .. 
tearDown .. 
]]></system-out></testcase><testcase classname="test_calculatorApp.TestCalculate" name="test_check_float_input" time="0.000"><system-out><![CDATA[Setup .. 
tearDown .. 
]]></system-out></testcase><testcase classname="test_calculatorApp.TestCalculate" name="test_check_int_input" time="0.000"><system-out><![CDATA[Setup .. 
tearDown .. 
]]></system-out></testcase><testcase classname="test_calculatorApp.TestCalculate" name="test_check_not_number_input" time="0.000"><system-out><![CDATA[Setup .. 
w input is not a number!
tearDown .. 
]]></system-out></testcase><testcase classname="test_calculatorApp.TestCalculate" name="test_check_null_input" time="0.000"><system-out><![CDATA[Setup .. 
Input can't be empty
inputs can not be null
tearDown .. 
]]></system-out></testcase><testcase classname="test_calculatorApp.TestCalculate" name="test_divide_denominator_zero" time="0.000"><system-out><![CDATA[Setup .. 
You can't divide by zero!
You can't divide by zero!
tearDown .. 
]]></system-out></testcase><testcase classname="test_calculatorApp.TestCalculate" name="test_divide_numerator_zero" time="0.016"><system-out><![CDATA[Setup .. 
tearDown .. 
]]></system-out></testcase><testcase classname="test_calculatorApp.TestCalculate" name="test_divide_valid" time="0.000"><system-out><![CDATA[Setup .. 
tearDown .. 
]]></system-out></testcase><testcase classname="test_calculatorApp.TestCalculate" name="test_invalid_exit" time="0.000"><system-out><![CDATA[Setup .. 
tearDown .. 
]]></system-out></testcase><testcase classname="test_calculatorApp.TestCalculate" name="test_multiply_valid" time="0.000"><system-out><![CDATA[Setup .. 
tearDown .. 
]]></system-out></testcase><testcase classname="test_calculatorApp.TestCalculate" name="test_no_exit" time="0.000"><system-out><![CDATA[Setup .. 
tearDown .. 
]]></system-out></testcase><testcase classname="test_calculatorApp.TestCalculate" name="test_subtract_valid" time="0.000"><system-out><![CDATA[Setup .. 
tearDown .. 
]]></system-out></testcase><testcase classname="test_calculatorApp.TestCalculate" name="test_yes_exit" time="0.000"><system-out><![CDATA[Setup .. 
tearDown .. 
]]></system-out></testcase></testsuite>